<?xml version='1.0' encoding='utf-8'?>
<testsuites name="cocotb tests"><testsuite name="ipv4_parser_test" errors="0" failures="0" skipped="0" tests="8" time="0.000" timestamp="2026-09-14T01:27:50.996447+00:00" hostname="Sophia-Laptop"><testcase classname="ipv4_parser_test" name="test_reset" time="0.000"><properties><property name="cocotb" value="True" /><property name="random_seed" value="1789349270" /><property name="file" value="C:\Users\sophi\Documents\FPGA\FPGA-Ethernet-TCP-IP-Project\tb\ipv4_parser_test.py" /><property name="line" value="67" /><property name="sim_time_unit" value="ns" /><property name="sim_time_start" value="0.0" /><property name="sim_time_stop" value="20.0" /><property name="sim_time_duration" value="20.0" /><property name="sim_time_ratio" value="inf" /></properties></testcase><testcase classname="ipv4_parser_test" name="test_ipv4_header_parsing" time="0.000"><properties><property name="cocotb" value="True" /><property name="random_seed" value="1789349270" /><property name="file" value="C:\Users\sophi\Documents\FPGA\FPGA-Ethernet-TCP-IP-Project\tb\ipv4_parser_test.py" /><property name="line" value="88" /><property name="sim_time_unit" value="ns" /><property name="sim_time_start" value="20.001" /><property name="sim_time_stop" value="105.001" /><property name="sim_time_duration" value="85.0" /><property name="sim_time_ratio" value="inf" /></properties></testcase><testcase classname="ipv4_parser_test" name="test_payload_realignment" time="0.000"><properties><property name="cocotb" value="True" /><property name="random_seed" value="1789349270" /><property name="file" value="C:\Users\sophi\Documents\FPGA\FPGA-Ethernet-TCP-IP-Project\tb\ipv4_parser_test.py" /><property name="line" value="162" /><property name="sim_time_unit" value="ns" /><property name="sim_time_start" value="105.002" /><property name="sim_time_stop" value="220.002" /><property name="sim_time_duration" value="115.00000000000001" /><property name="sim_time_ratio" value="inf" /></properties></testcase><testcase classname="ipv4_parser_test" name="test_partial_final_beat" time="0.000"><properties><property name="cocotb" value="True" /><property name="random_seed" value="1789349270" /><property name="file" value="C:\Users\sophi\Documents\FPGA\FPGA-Ethernet-TCP-IP-Project\tb\ipv4_parser_test.py" /><property name="line" value="231" /><property name="sim_time_unit" value="ns" /><property name="sim_time_start" value="220.003" /><property name="sim_time_stop" value="315.003" /><property name="sim_time_duration" value="95.0" /><property name="sim_time_ratio" value="inf" /></properties></testcase><testcase classname="ipv4_parser_test" name="test_flush_final_beat" time="0.000"><properties><property name="cocotb" value="True" /><property name="random_seed" value="1789349270" /><property name="file" value="C:\Users\sophi\Documents\FPGA\FPGA-Ethernet-TCP-IP-Project\tb\ipv4_parser_test.py" /><property name="line" value="283" /><property name="sim_time_unit" value="ns" /><property name="sim_time_start" value="315.004" /><property name="sim_time_stop" value="420.004" /><property name="sim_time_duration" value="105.0" /><property name="sim_time_ratio" value="inf" /></properties></testcase><testcase classname="ipv4_parser_test" name="test_ipv4_options_aligned" time="0.000"><properties><property name="cocotb" value="True" /><property name="random_seed" value="1789349270" /><property name="file" value="C:\Users\sophi\Documents\FPGA\FPGA-Ethernet-TCP-IP-Project\tb\ipv4_parser_test.py" /><property name="line" value="339" /><property name="sim_time_unit" value="ns" /><property name="sim_time_start" value="420.005" /><property name="sim_time_stop" value="515.005" /><property name="sim_time_duration" value="95.0" /><property name="sim_time_ratio" value="inf" /></properties></testcase><testcase classname="ipv4_parser_test" name="test_ipv4_options_unaligned" time="0.000"><properties><property name="cocotb" value="True" /><property name="random_seed" value="1789349270" /><property name="file" value="C:\Users\sophi\Documents\FPGA\FPGA-Ethernet-TCP-IP-Project\tb\ipv4_parser_test.py" /><property name="line" value="398" /><property name="sim_time_unit" value="ns" /><property name="sim_time_start" value="515.006" /><property name="sim_time_stop" value="630.006" /><property name="sim_time_duration" value="115.0" /><property name="sim_time_ratio" value="inf" /></properties></testcase><testcase classname="ipv4_parser_test" name="test_backpressure" time="0.000"><properties><property name="cocotb" value="True" /><property name="random_seed" value="1789349270" /><property name="file" value="C:\Users\sophi\Documents\FPGA\FPGA-Ethernet-TCP-IP-Project\tb\ipv4_parser_test.py" /><property name="line" value="460" /><property name="sim_time_unit" value="ns" /><property name="sim_time_start" value="630.007" /><property name="sim_time_stop" value="750.007" /><property name="sim_time_duration" value="120.0" /><property name="sim_time_ratio" value="inf" /></properties></testcase></testsuite></testsuites>