<?xml version='1.0' encoding='utf-8'?>
<testsuites name="cocotb tests"><testsuite name="ethernet_parser_test" errors="0" failures="0" skipped="0" tests="6" time="0.000" timestamp="2026-09-13T19:29:15.541788+00:00" hostname="Sophia-Laptop"><testcase classname="ethernet_parser_test" name="test_reset" time="0.000"><properties><property name="cocotb" value="True" /><property name="random_seed" value="1789327755" /><property name="file" value="C:\Users\sophi\Documents\FPGA\FPGA-Ethernet-TCP-IP-Project\tb\ethernet_parser_test.py" /><property name="line" value="77" /><property name="sim_time_unit" value="ns" /><property name="sim_time_start" value="0.0" /><property name="sim_time_stop" value="20.0" /><property name="sim_time_duration" value="20.0" /><property name="sim_time_ratio" value="inf" /></properties></testcase><testcase classname="ethernet_parser_test" name="test_ethernet_header_parsing" time="0.000"><properties><property name="cocotb" value="True" /><property name="random_seed" value="1789327755" /><property name="file" value="C:\Users\sophi\Documents\FPGA\FPGA-Ethernet-TCP-IP-Project\tb\ethernet_parser_test.py" /><property name="line" value="101" /><property name="sim_time_unit" value="ns" /><property name="sim_time_start" value="20.001" /><property name="sim_time_stop" value="85.001" /><property name="sim_time_duration" value="65.0" /><property name="sim_time_ratio" value="inf" /></properties></testcase><testcase classname="ethernet_parser_test" name="test_payload_realignment" time="0.000"><properties><property name="cocotb" value="True" /><property name="random_seed" value="1789327755" /><property name="file" value="C:\Users\sophi\Documents\FPGA\FPGA-Ethernet-TCP-IP-Project\tb\ethernet_parser_test.py" /><property name="line" value="135" /><property name="sim_time_unit" value="ns" /><property name="sim_time_start" value="85.002" /><property name="sim_time_stop" value="180.002" /><property name="sim_time_duration" value="95.00000000000001" /><property name="sim_time_ratio" value="inf" /></properties></testcase><testcase classname="ethernet_parser_test" name="test_partial_final_beat" time="0.000"><properties><property name="cocotb" value="True" /><property name="random_seed" value="1789327755" /><property name="file" value="C:\Users\sophi\Documents\FPGA\FPGA-Ethernet-TCP-IP-Project\tb\ethernet_parser_test.py" /><property name="line" value="198" /><property name="sim_time_unit" value="ns" /><property name="sim_time_start" value="180.003" /><property name="sim_time_stop" value="255.003" /><property name="sim_time_duration" value="75.0" /><property name="sim_time_ratio" value="inf" /></properties></testcase><testcase classname="ethernet_parser_test" name="test_flush_final_beat" time="0.000"><properties><property name="cocotb" value="True" /><property name="random_seed" value="1789327755" /><property name="file" value="C:\Users\sophi\Documents\FPGA\FPGA-Ethernet-TCP-IP-Project\tb\ethernet_parser_test.py" /><property name="line" value="247" /><property name="sim_time_unit" value="ns" /><property name="sim_time_start" value="255.004" /><property name="sim_time_stop" value="340.004" /><property name="sim_time_duration" value="85.00000000000003" /><property name="sim_time_ratio" value="inf" /></properties></testcase><testcase classname="ethernet_parser_test" name="test_backpressure" time="0.000"><properties><property name="cocotb" value="True" /><property name="random_seed" value="1789327755" /><property name="file" value="C:\Users\sophi\Documents\FPGA\FPGA-Ethernet-TCP-IP-Project\tb\ethernet_parser_test.py" /><property name="line" value="307" /><property name="sim_time_unit" value="ns" /><property name="sim_time_start" value="340.005" /><property name="sim_time_stop" value="440.005" /><property name="sim_time_duration" value="100.0" /><property name="sim_time_ratio" value="inf" /></properties></testcase></testsuite></testsuites>