<?xml version='1.0' encoding='utf-8'?>
<testsuites name="cocotb tests"><testsuite name="network_pipeline_test" errors="0" failures="0" skipped="0" tests="2" time="0.015" timestamp="2026-09-14T01:41:28.686991+00:00" hostname="Sophia-Laptop"><testcase classname="network_pipeline_test" name="test_reset" time="0.000"><properties><property name="cocotb" value="True" /><property name="random_seed" value="1789350088" /><property name="file" value="C:\Users\sophi\Documents\FPGA\FPGA-Ethernet-TCP-IP-Project\tb\network_pipeline_test.py" /><property name="line" value="72" /><property name="sim_time_unit" value="ns" /><property name="sim_time_start" value="0.0" /><property name="sim_time_stop" value="20.0" /><property name="sim_time_duration" value="20.0" /><property name="sim_time_ratio" value="inf" /></properties></testcase><testcase classname="network_pipeline_test" name="test_complete_packet" time="0.015"><properties><property name="cocotb" value="True" /><property name="random_seed" value="1789350088" /><property name="file" value="C:\Users\sophi\Documents\FPGA\FPGA-Ethernet-TCP-IP-Project\tb\network_pipeline_test.py" /><property name="line" value="97" /><property name="sim_time_unit" value="ns" /><property name="sim_time_start" value="20.001" /><property name="sim_time_stop" value="250.001" /><property name="sim_time_duration" value="230.0" /><property name="sim_time_ratio" value="15333.333319053054" /></properties></testcase></testsuite></testsuites>