<?xml version='1.0' encoding='utf-8'?>
<testsuites name="cocotb tests"><testsuite name="axis_register_test" errors="0" failures="0" skipped="0" tests="6" time="0.000" timestamp="2026-09-13T19:03:25.587852+00:00" hostname="Sophia-Laptop"><testcase classname="axis_register_test" name="test_reset_state" time="0.000"><properties><property name="cocotb" value="True" /><property name="random_seed" value="1789326205" /><property name="file" value="C:\Users\sophi\Documents\FPGA\FPGA-Ethernet-TCP-IP-Project\tb\axis_register_test.py" /><property name="line" value="32" /><property name="sim_time_unit" value="ns" /><property name="sim_time_start" value="0.0" /><property name="sim_time_stop" value="20.0" /><property name="sim_time_duration" value="20.0" /><property name="sim_time_ratio" value="inf" /></properties></testcase><testcase classname="axis_register_test" name="test_accept_one_beat" time="0.000"><properties><property name="cocotb" value="True" /><property name="random_seed" value="1789326205" /><property name="file" value="C:\Users\sophi\Documents\FPGA\FPGA-Ethernet-TCP-IP-Project\tb\axis_register_test.py" /><property name="line" value="44" /><property name="sim_time_unit" value="ns" /><property name="sim_time_start" value="20.001" /><property name="sim_time_stop" value="60.001" /><property name="sim_time_duration" value="40.0" /><property name="sim_time_ratio" value="inf" /></properties></testcase><testcase classname="axis_register_test" name="test_backpressure" time="0.000"><properties><property name="cocotb" value="True" /><property name="random_seed" value="1789326205" /><property name="file" value="C:\Users\sophi\Documents\FPGA\FPGA-Ethernet-TCP-IP-Project\tb\axis_register_test.py" /><property name="line" value="72" /><property name="sim_time_unit" value="ns" /><property name="sim_time_start" value="60.002" /><property name="sim_time_stop" value="110.002" /><property name="sim_time_duration" value="49.99999999999999" /><property name="sim_time_ratio" value="inf" /></properties></testcase><testcase classname="axis_register_test" name="test_consume_without_replacement" time="0.000"><properties><property name="cocotb" value="True" /><property name="random_seed" value="1789326205" /><property name="file" value="C:\Users\sophi\Documents\FPGA\FPGA-Ethernet-TCP-IP-Project\tb\axis_register_test.py" /><property name="line" value="115" /><property name="sim_time_unit" value="ns" /><property name="sim_time_start" value="110.003" /><property name="sim_time_stop" value="160.003" /><property name="sim_time_duration" value="49.999999999999986" /><property name="sim_time_ratio" value="inf" /></properties></testcase><testcase classname="axis_register_test" name="test_simultaneous_consume_and_replace" time="0.000"><properties><property name="cocotb" value="True" /><property name="random_seed" value="1789326205" /><property name="file" value="C:\Users\sophi\Documents\FPGA\FPGA-Ethernet-TCP-IP-Project\tb\axis_register_test.py" /><property name="line" value="150" /><property name="sim_time_unit" value="ns" /><property name="sim_time_start" value="160.004" /><property name="sim_time_stop" value="210.004" /><property name="sim_time_duration" value="50.0" /><property name="sim_time_ratio" value="inf" /></properties></testcase><testcase classname="axis_register_test" name="test_drain_final_beat" time="0.000"><properties><property name="cocotb" value="True" /><property name="random_seed" value="1789326205" /><property name="file" value="C:\Users\sophi\Documents\FPGA\FPGA-Ethernet-TCP-IP-Project\tb\axis_register_test.py" /><property name="line" value="196" /><property name="sim_time_unit" value="ns" /><property name="sim_time_start" value="210.005" /><property name="sim_time_stop" value="260.005" /><property name="sim_time_duration" value="50.0" /><property name="sim_time_ratio" value="inf" /></properties></testcase></testsuite></testsuites>