<?xml version='1.0' encoding='utf-8'?>
<testsuites name="cocotb tests"><testsuite name="axis_register_test" errors="0" failures="0" skipped="0" tests="1" time="0.000" timestamp="2026-09-12T18:24:50.231582+00:00" hostname="Sophia-Laptop"><testcase classname="axis_register_test" name="test_axis_register" time="0.000"><properties><property name="cocotb" value="True" /><property name="random_seed" value="1789237490" /><property name="file" value="C:\Users\sophi\Documents\FPGA\FPGA-Ethernet-TCP-IP-Project\tb\axis_register_test.py" /><property name="line" value="30" /><property name="sim_time_unit" value="ns" /><property name="sim_time_start" value="0.0" /><property name="sim_time_stop" value="80.0" /><property name="sim_time_duration" value="80.0" /><property name="sim_time_ratio" value="inf" /></properties></testcase></testsuite></testsuites>